<?xml version="1.0" encoding="UTF-8" ?>
<testsuite tests="1" failures="0" name="com.lmr.imoocmaven.imooc.AppTest" time="0.002" errors="0" skipped="0">
  <properties>
    <property name="java.runtime.name" value="Java(TM) SE Runtime Environment"/>
    <property name="sun.boot.library.path" value="D:\coding\Java\jdk1.8.0_101\jre\bin"/>
    <property name="java.vm.version" value="25.101-b13"/>
    <property name="java.vm.vendor" value="Oracle Corporation"/>
    <property name="maven.multiModuleProjectDirectory" value="D:\coding\codeworkspace\imooc"/>
    <property name="java.vendor.url" value="http://java.oracle.com/"/>
    <property name="path.separator" value=";"/>
    <property name="guice.disable.misplaced.annotation.check" value="true"/>
    <property name="java.vm.name" value="Java HotSpot(TM) 64-Bit Server VM"/>
    <property name="file.encoding.pkg" value="sun.io"/>
    <property name="user.script" value=""/>
    <property name="user.country" value="CN"/>
    <property name="sun.java.launcher" value="SUN_STANDARD"/>
    <property name="sun.os.patch.level" value=""/>
    <property name="java.vm.specification.name" value="Java Virtual Machine Specification"/>
    <property name="user.dir" value="D:\coding\codeworkspace\imooc"/>
    <property name="java.runtime.version" value="1.8.0_101-b13"/>
    <property name="java.awt.graphicsenv" value="sun.awt.Win32GraphicsEnvironment"/>
    <property name="java.endorsed.dirs" value="D:\coding\Java\jdk1.8.0_101\jre\lib\endorsed"/>
    <property name="os.arch" value="amd64"/>
    <property name="java.io.tmpdir" value="C:\Users\漠然\AppData\Local\Temp\"/>
    <property name="line.separator" value="
"/>
    <property name="java.vm.specification.vendor" value="Oracle Corporation"/>
    <property name="user.variant" value=""/>
    <property name="os.name" value="Windows 10"/>
    <property name="classworlds.conf" value="D:\coding\codeworkspace\.metadata\.plugins\org.eclipse.m2e.launching\launches\m2conf844130576876947651.tmp"/>
    <property name="sun.jnu.encoding" value="GBK"/>
    <property name="java.library.path" value="D:\coding\Java\jdk1.8.0_101\bin;C:\Windows\Sun\Java\bin;C:\Windows\system32;C:\Windows;D:/coding/Java/jre1.8.0_101/bin/server;D:/coding/Java/jre1.8.0_101/bin;D:/coding/Java/jre1.8.0_101/lib/amd64;C:\ProgramData\Oracle\Java\javapath;C:\Windows\system32;C:\Windows;C:\Windows\System32\Wbem;C:\Windows\System32\WindowsPowerShell\v1.0\;D:\coding\Java\jdk1.8.0_101\bin;D:\coding\apache-maven-3.3.9\bin;D:\coding\MySQL\MySQL Server 5.0\bin;C:\Program Files (x86)\NVIDIA Corporation\PhysX\Common;C:\Users\漠然\AppData\Local\Microsoft\WindowsApps;;C:\Users\漠然\Desktop;;."/>
    <property name="java.specification.name" value="Java Platform API Specification"/>
    <property name="java.class.version" value="52.0"/>
    <property name="sun.management.compiler" value="HotSpot 64-Bit Tiered Compilers"/>
    <property name="os.version" value="10.0"/>
    <property name="user.home" value="C:\Users\漠然"/>
    <property name="user.timezone" value="Asia/Shanghai"/>
    <property name="java.awt.printerjob" value="sun.awt.windows.WPrinterJob"/>
    <property name="java.specification.version" value="1.8"/>
    <property name="file.encoding" value="GBK"/>
    <property name="user.name" value="漠然"/>
    <property name="java.class.path" value="D:\coding\apache-maven-3.3.9\boot\plexus-classworlds-2.5.2.jar"/>
    <property name="java.vm.specification.version" value="1.8"/>
    <property name="sun.arch.data.model" value="64"/>
    <property name="java.home" value="D:\coding\Java\jdk1.8.0_101\jre"/>
    <property name="sun.java.command" value="org.codehaus.plexus.classworlds.launcher.Launcher -B -s D:\coding\apache-maven-3.3.9\conf\settings.xml package"/>
    <property name="java.specification.vendor" value="Oracle Corporation"/>
    <property name="user.language" value="zh"/>
    <property name="awt.toolkit" value="sun.awt.windows.WToolkit"/>
    <property name="java.vm.info" value="mixed mode"/>
    <property name="java.version" value="1.8.0_101"/>
    <property name="java.ext.dirs" value="D:\coding\Java\jdk1.8.0_101\jre\lib\ext;C:\Windows\Sun\Java\lib\ext"/>
    <property name="sun.boot.class.path" value="D:\coding\Java\jre1.8.0_101\lib\resources.jar;D:\coding\Java\jre1.8.0_101\lib\rt.jar;D:\coding\Java\jre1.8.0_101\lib\jsse.jar;D:\coding\Java\jre1.8.0_101\lib\jce.jar;D:\coding\Java\jre1.8.0_101\lib\charsets.jar;D:\coding\Java\jre1.8.0_101\lib\jfr.jar;D:\coding\Java\jre1.8.0_101\lib\ext\access-bridge-64.jar;D:\coding\Java\jre1.8.0_101\lib\ext\cldrdata.jar;D:\coding\Java\jre1.8.0_101\lib\ext\dnsns.jar;D:\coding\Java\jre1.8.0_101\lib\ext\jaccess.jar;D:\coding\Java\jre1.8.0_101\lib\ext\jfxrt.jar;D:\coding\Java\jre1.8.0_101\lib\ext\localedata.jar;D:\coding\Java\jre1.8.0_101\lib\ext\nashorn.jar;D:\coding\Java\jre1.8.0_101\lib\ext\sunec.jar;D:\coding\Java\jre1.8.0_101\lib\ext\sunjce_provider.jar;D:\coding\Java\jre1.8.0_101\lib\ext\sunmscapi.jar;D:\coding\Java\jre1.8.0_101\lib\ext\sunpkcs11.jar;D:\coding\Java\jre1.8.0_101\lib\ext\zipfs.jar"/>
    <property name="java.vendor" value="Oracle Corporation"/>
    <property name="maven.home" value="D:\coding\apache-maven-3.3.9"/>
    <property name="file.separator" value="\"/>
    <property name="java.vendor.url.bug" value="http://bugreport.sun.com/bugreport/"/>
    <property name="sun.cpu.endian" value="little"/>
    <property name="sun.io.unicode.encoding" value="UnicodeLittle"/>
    <property name="sun.desktop" value="windows"/>
    <property name="sun.cpu.isalist" value="amd64"/>
  </properties>
  <testcase classname="com.lmr.imoocmaven.imooc.AppTest" name="testApp" time="0.002"/>
</testsuite>